<?xml version="1.0" encoding="UTF-8"?>
<!-- Generated by org.testng.reporters.JUnitXMLReporter -->
<testsuite ignored="0" hostname="LAPTOP-LEKBI2B9" failures="1" tests="1" name="ChromeTest" time="3.732" errors="0" timestamp="2025-03-31T03:43:22 IST">
  <testcase classname="TestCases.TC001_AccountRegistrationTest" name="account_registeration" time="1.458">
    <failure type="java.lang.AssertionError" message="expected [Your Account Has Been Createdd!] but found [Your Account Has Been Created!]">
      <![CDATA[java.lang.AssertionError: expected [Your Account Has Been Createdd!] but found [Your Account Has Been Created!]
at TestCases.TC001_AccountRegistrationTest.account_registeration(TC001_AccountRegistrationTest.java:37)
at java.base/java.util.ArrayList.forEach(ArrayList.java:1596)
... Removed 31 stack frames]]>
    </failure>
  </testcase> <!-- account_registeration -->
</testsuite> <!-- ChromeTest -->
