<?xml version="1.0" encoding="UTF-8"?>
<testng-results ignored="0" total="1" passed="1" failed="0" skipped="0">
  <reporter-output>
  </reporter-output>
  <suite started-at="2025-04-05T09:21:49 IST" name="Suite" finished-at="2025-04-05T09:21:56 IST" duration-ms="7155">
    <groups>
      <group name="Regression">
        <method signature="TC001_AccountRegistrationTest.account_registeration()[pri:0, instance:TestCases.TC001_AccountRegistrationTest@2accdbb5]" name="account_registeration" class="TestCases.TC001_AccountRegistrationTest"/>
      </group> <!-- Regression -->
      <group name="MAster">
        <method signature="TC001_AccountRegistrationTest.account_registeration()[pri:0, instance:TestCases.TC001_AccountRegistrationTest@2accdbb5]" name="account_registeration" class="TestCases.TC001_AccountRegistrationTest"/>
      </group> <!-- MAster -->
    </groups>
    <test started-at="2025-04-05T09:21:49 IST" name="Test" finished-at="2025-04-05T09:21:56 IST" duration-ms="7155">
      <class name="TestCases.TC001_AccountRegistrationTest">
        <test-method is-config="true" signature="setup(java.lang.String,java.lang.String)[pri:0, instance:TestCases.TC001_AccountRegistrationTest@2accdbb5]" started-at="2025-04-05T09:21:49 IST" name="setup" finished-at="2025-04-05T09:21:54 IST" duration-ms="4959" status="PASS">
          <params>
            <param index="0">
              <value>
                <![CDATA[windows]]>
              </value>
            </param>
            <param index="1">
              <value>
                <![CDATA[chrome]]>
              </value>
            </param>
          </params>
          <reporter-output>
          </reporter-output>
        </test-method> <!-- setup -->
        <test-method signature="account_registeration()[pri:0, instance:TestCases.TC001_AccountRegistrationTest@2accdbb5]" started-at="2025-04-05T09:21:54 IST" name="account_registeration" finished-at="2025-04-05T09:21:56 IST" duration-ms="1855" status="PASS">
          <reporter-output>
          </reporter-output>
        </test-method> <!-- account_registeration -->
        <test-method is-config="true" signature="tearDown()[pri:0, instance:TestCases.TC001_AccountRegistrationTest@2accdbb5]" started-at="2025-04-05T09:21:56 IST" name="tearDown" finished-at="2025-04-05T09:21:56 IST" duration-ms="145" status="PASS">
          <reporter-output>
          </reporter-output>
        </test-method> <!-- tearDown -->
      </class> <!-- TestCases.TC001_AccountRegistrationTest -->
    </test> <!-- Test -->
  </suite> <!-- Suite -->
</testng-results>
